<?xml version="1.0" encoding="UTF-8"?>
<!-- Generated by org.testng.reporters.JUnitReportReporter -->
<testsuite hostname="VandanaLaptop" failures="0" tests="1" name="runner.FBRunner" time="0.057" errors="0" timestamp="2023-03-13T00:00:31 CDT" skipped="0">
  <testcase classname="runner.FBRunner" name="runScenario" time="0.057"/>
  <system-out/>
</testsuite> <!-- runner.FBRunner -->
