<?xml version="1.0" encoding="UTF-8"?>
<!-- Generated by org.testng.reporters.JUnitReportReporter -->
<testsuite hostname="VandanaLaptop" failures="0" tests="5" name="runner.TestRunner" time="48.058" errors="0" timestamp="2023-03-14T01:15:42 CDT" skipped="0">
  <testcase classname="runner.TestRunner" name="runScenario" time="7.968"/>
  <system-out/>
  <testcase classname="runner.TestRunner" name="runScenario" time="9.636"/>
  <system-out/>
  <testcase classname="runner.TestRunner" name="runScenario" time="10.593"/>
  <system-out/>
  <testcase classname="runner.TestRunner" name="runScenario" time="8.079"/>
  <system-out/>
  <testcase classname="runner.TestRunner" name="runScenario" time="11.782"/>
  <system-out/>
</testsuite> <!-- runner.TestRunner -->
