<?xml version="1.0" encoding="UTF-8"?>
<!-- Generated by org.testng.reporters.JUnitReportReporter -->
<testsuite hostname="VandanaLaptop" failures="0" tests="2" name="runner.TestRunner" time="7.362" errors="0" timestamp="2023-03-13T13:33:46 CDT" skipped="0">
  <testcase classname="runner.TestRunner" name="runScenario" time="7.351"/>
  <system-out/>
  <testcase classname="runner.TestRunner" name="runScenario" time="0.011"/>
  <system-out/>
</testsuite> <!-- runner.TestRunner -->
